<?xml version="1.0" encoding="UTF-8"?>
<testng-results ignored="0" total="1" passed="1" failed="0" skipped="0">
  <reporter-output>
  </reporter-output>
  <suite started-at="2024-02-09T12:48:55 IST" name="Default suite" finished-at="2024-02-09T12:49:00 IST" duration-ms="4700">
    <groups>
    </groups>
    <test started-at="2024-02-09T12:48:55 IST" name="Default test" finished-at="2024-02-09T12:49:00 IST" duration-ms="4700">
      <class name="reqResCrudOperations.CreateUser">
        <test-method signature="createAUser()[pri:0, instance:reqResCrudOperations.CreateUser@355ce81c]" started-at="2024-02-09T12:48:55 IST" name="createAUser" finished-at="2024-02-09T12:49:00 IST" duration-ms="4637" status="PASS">
          <reporter-output>
          </reporter-output>
        </test-method> <!-- createAUser -->
      </class> <!-- reqResCrudOperations.CreateUser -->
    </test> <!-- Default test -->
  </suite> <!-- Default suite -->
</testng-results>
