<?xml version="1.0" encoding="UTF-8"?>
<testng-results ignored="0" total="2" passed="2" failed="0" skipped="0">
  <reporter-output>
  </reporter-output>
  <suite started-at="2024-02-08T13:05:42 IST" name="Default suite" finished-at="2024-02-08T13:05:46 IST" duration-ms="4056">
    <groups>
    </groups>
    <test started-at="2024-02-08T13:05:42 IST" name="Default test" finished-at="2024-02-08T13:05:46 IST" duration-ms="4056">
      <class name="requestChaining.PetStore">
        <test-method signature="createPet()[pri:0, instance:requestChaining.PetStore@3541cb24]" started-at="2024-02-08T13:05:42 IST" name="createPet" finished-at="2024-02-08T13:05:45 IST" duration-ms="2980" status="PASS">
          <reporter-output>
          </reporter-output>
        </test-method> <!-- createPet -->
        <test-method signature="updatePet()[pri:0, instance:requestChaining.PetStore@3541cb24]" started-at="2024-02-08T13:05:45 IST" name="updatePet" finished-at="2024-02-08T13:05:46 IST" duration-ms="1051" status="PASS">
          <reporter-output>
          </reporter-output>
        </test-method> <!-- updatePet -->
      </class> <!-- requestChaining.PetStore -->
    </test> <!-- Default test -->
  </suite> <!-- Default suite -->
</testng-results>
